<?xml version="1.0" encoding="UTF-8"?>
<!-- Generated by org.testng.reporters.JUnitReportReporter -->
<testsuite skipped="0" hostname="Praveen" name="seleniumInterviewExamples.TimeOutExample" tests="2" failures="0" timestamp="09 Jan 2024 12:13:06 GMT" time="4.039" errors="2">
  <testcase name="test1" time="2.026" classname="seleniumInterviewExamples.TimeOutExample">
    <error type="org.testng.TestException" message="
Expected exception of type class org.openqa.selenium.TimeoutException but got org.testng.internal.thread.ThreadTimeoutException: Method seleniumInterviewExamples.TimeOutExample.test1() didn&#039;t finish within the time-out 2000">
      <![CDATA[org.testng.TestException: Expected exception of type class org.openqa.selenium.TimeoutException but got org.testng.internal.thread.ThreadTimeoutException: Method seleniumInterviewExamples.TimeOutExample.test1() didn't finish within the time-out 2000at org.testng.internal.ExpectedExceptionsHolder.wrongException(ExpectedExceptionsHolder.java:68)at org.testng.internal.Invoker.considerExceptions(Invoker.java:1120)at org.testng.internal.Invoker.invokeMethod(Invoker.java:603)at org.testng.internal.Invoker.invokeTestMethod(Invoker.java:707)at org.testng.internal.Invoker.invokeTestMethods(Invoker.java:979)at org.testng.internal.TestMethodWorker.invokeTestMethods(TestMethodWorker.java:125)at org.testng.internal.TestMethodWorker.run(TestMethodWorker.java:109)at org.testng.TestRunner.privateRun(TestRunner.java:648)at org.testng.TestRunner.run(TestRunner.java:505)at org.testng.SuiteRunner.runTest(SuiteRunner.java:455)at org.testng.SuiteRunner.runSequentially(SuiteRunner.java:450)at org.testng.SuiteRunner.privateRun(SuiteRunner.java:415)at org.testng.SuiteRunner.run(SuiteRunner.java:364)at org.testng.SuiteRunnerWorker.runSuite(SuiteRunnerWorker.java:52)at org.testng.SuiteRunnerWorker.run(SuiteRunnerWorker.java:84)at org.testng.TestNG.runSuitesSequentially(TestNG.java:1187)at org.testng.TestNG.runSuitesLocally(TestNG.java:1116)at org.testng.TestNG.runSuites(TestNG.java:1028)at org.testng.TestNG.run(TestNG.java:996)at org.testng.remote.AbstractRemoteTestNG.run(AbstractRemoteTestNG.java:114)at org.testng.remote.RemoteTestNG.initAndRun(RemoteTestNG.java:251)at org.testng.remote.RemoteTestNG.main(RemoteTestNG.java:77)Caused by: org.testng.internal.thread.ThreadTimeoutException: Method seleniumInterviewExamples.TimeOutExample.test1() didn't finish within the time-out 2000at java.lang.Thread.sleep(Native Method)at seleniumInterviewExamples.TimeOutExample.test1(TimeOutExample.java:19)at sun.reflect.NativeMethodAccessorImpl.invoke0(Native Method)at sun.reflect.NativeMethodAccessorImpl.invoke(Unknown Source)at sun.reflect.DelegatingMethodAccessorImpl.invoke(Unknown Source)at java.lang.reflect.Method.invoke(Unknown Source)at org.testng.internal.MethodInvocationHelper.invokeMethod(MethodInvocationHelper.java:124)at org.testng.internal.InvokeMethodRunnable.runOne(InvokeMethodRunnable.java:54)at org.testng.internal.InvokeMethodRunnable.run(InvokeMethodRunnable.java:44)at java.util.concurrent.Executors$RunnableAdapter.call(Unknown Source)at java.util.concurrent.FutureTask.run(Unknown Source)at java.util.concurrent.ThreadPoolExecutor.runWorker(Unknown Source)at java.util.concurrent.ThreadPoolExecutor$Worker.run(Unknown Source)at java.lang.Thread.run(Unknown Source)]]>
    </error>
  </testcase> <!-- test1 -->
  <testcase name="test" time="2.013" classname="seleniumInterviewExamples.TimeOutExample">
    <error type="org.testng.internal.thread.ThreadTimeoutException" message="Method seleniumInterviewExamples.TimeOutExample.test() didn&#039;t finish within the time-out 2000">
      <![CDATA[org.testng.internal.thread.ThreadTimeoutException: Method seleniumInterviewExamples.TimeOutExample.test() didn't finish within the time-out 2000at java.util.concurrent.ThreadPoolExecutor.afterExecute(Unknown Source)at java.util.concurrent.ThreadPoolExecutor.runWorker(Unknown Source)at java.util.concurrent.ThreadPoolExecutor$Worker.run(Unknown Source)at java.lang.Thread.run(Unknown Source)]]>
    </error>
  </testcase> <!-- test -->
</testsuite> <!-- seleniumInterviewExamples.TimeOutExample -->
